WARNING: A terminally deprecated method in sun.misc.Unsafe has been called
WARNING: sun.misc.Unsafe::staticFieldBase has been called by com.google.inject.internal.aop.HiddenClassDefiner (file:/opt/homebrew/Cellar/maven/3.9.11/libexec/lib/guice-5.1.0-classes.jar)
WARNING: Please consider reporting this to the maintainers of class com.google.inject.internal.aop.HiddenClassDefiner
WARNING: sun.misc.Unsafe::staticFieldBase will be removed in a future release
[INFO] Scanning for projects...
[INFO] 
[INFO] ---------------< com.flowsync.eurekaServer:eurekaServer >---------------
[INFO] Building eurekaServer 0.0.1-SNAPSHOT
[INFO]   from pom.xml
[INFO] --------------------------------[ jar ]---------------------------------
[INFO] 
[INFO] >>> spring-boot:4.0.3:run (default-cli) > test-compile @ eurekaServer >>>
[INFO] 
[INFO] --- resources:3.3.1:resources (default-resources) @ eurekaServer ---
[INFO] Copying 1 resource from src/main/resources to target/classes
[INFO] Copying 0 resource from src/main/resources to target/classes
[INFO] 
[INFO] --- compiler:3.14.1:compile (default-compile) @ eurekaServer ---
[INFO] Nothing to compile - all classes are up to date.
[INFO] 
[INFO] --- resources:3.3.1:testResources (default-testResources) @ eurekaServer ---
[INFO] skip non existing resourceDirectory /Users/jai/Documents/FlowSync_microservices/eurekaServer/src/test/resources
[INFO] 
[INFO] --- compiler:3.14.1:testCompile (default-testCompile) @ eurekaServer ---
[INFO] Nothing to compile - all classes are up to date.
[INFO] 
[INFO] <<< spring-boot:4.0.3:run (default-cli) < test-compile @ eurekaServer <<<
[INFO] 
[INFO] 
[INFO] --- spring-boot:4.0.3:run (default-cli) @ eurekaServer ---
[INFO] Attaching agents: []

  .   ____          _            __ _ _
 /\\ / ___'_ __ _ _(_)_ __  __ _ \ \ \ \
( ( )\___ | '_ | '_| | '_ \/ _` | \ \ \ \
 \\/  ___)| |_)| | | | | || (_| |  ) ) ) )
  '  |____| .__|_| |_|_| |_\__, | / / / /
 =========|_|==============|___/=/_/_/_/

 :: Spring Boot ::                (v4.0.3)

2026-03-22T19:40:32.287+05:30  INFO 33837 --- [eureka-server] [           main] c.f.e.EurekaServerApplication            : Starting EurekaServerApplication using Java 24.0.2 with PID 33837 (/Users/jai/Documents/FlowSync_microservices/eurekaServer/target/classes started by jai in /Users/jai/Documents/FlowSync_microservices/eurekaServer)
2026-03-22T19:40:32.288+05:30  INFO 33837 --- [eureka-server] [           main] c.f.e.EurekaServerApplication            : No active profile set, falling back to 1 default profile: "default"
2026-03-22T19:40:32.692+05:30  INFO 33837 --- [eureka-server] [           main] o.s.cloud.context.scope.GenericScope     : BeanFactory id=3f62903d-dc19-39ba-be4c-37d6c3ff5e8b
2026-03-22T19:40:32.799+05:30  INFO 33837 --- [eureka-server] [           main] o.s.boot.tomcat.TomcatWebServer          : Tomcat initialized with port 8761 (http)
2026-03-22T19:40:32.805+05:30  INFO 33837 --- [eureka-server] [           main] o.apache.catalina.core.StandardService   : Starting service [Tomcat]
2026-03-22T19:40:32.806+05:30  INFO 33837 --- [eureka-server] [           main] o.apache.catalina.core.StandardEngine    : Starting Servlet engine: [Apache Tomcat/11.0.18]
2026-03-22T19:40:32.833+05:30  INFO 33837 --- [eureka-server] [           main] b.w.c.s.WebApplicationContextInitializer : Root WebApplicationContext: initialization completed in 525 ms
WARNING: A terminally deprecated method in sun.misc.Unsafe has been called
WARNING: sun.misc.Unsafe::objectFieldOffset has been called by com.thoughtworks.xstream.converters.reflection.SunUnsafeReflectionProvider (file:/Users/jai/.m2/repository/com/thoughtworks/xstream/xstream/1.4.21/xstream-1.4.21.jar)
WARNING: Please consider reporting this to the maintainers of class com.thoughtworks.xstream.converters.reflection.SunUnsafeReflectionProvider
WARNING: sun.misc.Unsafe::objectFieldOffset will be removed in a future release
2026-03-22T19:40:33.321+05:30  INFO 33837 --- [eureka-server] [           main] o.s.v.b.OptionalValidatorFactoryBean     : Failed to set up a Bean Validation provider: jakarta.validation.NoProviderFoundException: Unable to create a Configuration, because no Jakarta Validation provider could be found. Add a provider like Hibernate Validator (RI) to your classpath.
2026-03-22T19:40:33.554+05:30  WARN 33837 --- [eureka-server] [           main] iguration$LoadBalancerCaffeineWarnLogger : Spring Cloud LoadBalancer is currently working with the default cache. While this cache implementation is useful for development and tests, it's recommended to use Caffeine cache in production.You can switch to using Caffeine cache, by adding it and org.springframework.cache.caffeine.CaffeineCacheManager to the classpath.
2026-03-22T19:40:33.561+05:30  INFO 33837 --- [eureka-server] [           main] o.s.c.n.eureka.InstanceInfoFactory       : Setting initial instance status as: STARTING
2026-03-22T19:40:33.679+05:30  INFO 33837 --- [eureka-server] [           main] o.s.b.a.e.web.EndpointLinksResolver      : Exposing 1 endpoint beneath base path '/actuator'
2026-03-22T19:40:33.699+05:30  INFO 33837 --- [eureka-server] [           main] o.s.c.n.e.s.EurekaServiceRegistry        : Registering application EUREKA-SERVER with eureka with status UP
2026-03-22T19:40:33.704+05:30  INFO 33837 --- [eureka-server] [       Thread-9] o.s.c.n.e.server.EurekaServerBootstrap   : isAws returned false
2026-03-22T19:40:33.704+05:30  INFO 33837 --- [eureka-server] [       Thread-9] o.s.c.n.e.server.EurekaServerBootstrap   : Initialized server context
2026-03-22T19:40:33.705+05:30  INFO 33837 --- [eureka-server] [       Thread-9] e.s.EurekaServerInitializerConfiguration : Started Eureka Server
2026-03-22T19:40:33.714+05:30  INFO 33837 --- [eureka-server] [           main] o.s.boot.tomcat.TomcatWebServer          : Tomcat started on port 8761 (http) with context path '/'
2026-03-22T19:40:33.714+05:30  INFO 33837 --- [eureka-server] [           main] .s.c.n.e.s.EurekaAutoServiceRegistration : Updating port to 8761
2026-03-22T19:40:33.722+05:30  INFO 33837 --- [eureka-server] [           main] c.f.e.EurekaServerApplication            : Started EurekaServerApplication in 1.64 seconds (process running for 1.94)
2026-03-22T19:40:44.986+05:30  INFO 33837 --- [eureka-server] [nio-8761-exec-2] o.a.c.c.C.[Tomcat].[localhost].[/]       : Initializing Spring DispatcherServlet 'dispatcherServlet'
2026-03-22T19:40:44.987+05:30  INFO 33837 --- [eureka-server] [nio-8761-exec-2] o.s.web.servlet.DispatcherServlet        : Initializing Servlet 'dispatcherServlet'
2026-03-22T19:40:44.989+05:30  INFO 33837 --- [eureka-server] [nio-8761-exec-2] o.s.web.servlet.DispatcherServlet        : Completed initialization in 2 ms
2026-03-22T19:41:54.769+05:30  INFO 33837 --- [eureka-server] [ionShutdownHook] o.s.c.n.e.s.EurekaServiceRegistry        : Unregistering application EUREKA-SERVER with eureka with status DOWN
2026-03-22T19:41:54.891+05:30  INFO 33837 --- [eureka-server] [ionShutdownHook] o.s.boot.tomcat.GracefulShutdown         : Commencing graceful shutdown. Waiting for active requests to complete
2026-03-22T19:41:54.915+05:30  INFO 33837 --- [eureka-server] [tomcat-shutdown] o.s.boot.tomcat.GracefulShutdown         : Graceful shutdown complete
2026-03-22T19:41:54.940+05:30  INFO 33837 --- [eureka-server] [ionShutdownHook] o.s.c.n.e.server.EurekaServerBootstrap   : Shutting down Eureka Server..
2026-03-22T19:41:54.998+05:30  INFO 33837 --- [eureka-server] [ionShutdownHook] o.s.c.n.e.server.EurekaServerBootstrap   : Eureka Service is now shutdown...
